#
# A fatal error has been detected by the Java Runtime Environment:
#
#  EXCEPTION_ACCESS_VIOLATION (0xc0000005) at pc=0x1a8af1e0, pid=4348, tid=1344
#
# JRE version: Java(TM) SE Runtime Environment (8.0_40-b09) (build 1.8.0_40-ea-b09)
# Java VM: Java HotSpot(TM) Client VM (25.40-b13 mixed mode windows-x86 )
# Problematic frame:
# C  0x1a8af1e0
#
# Failed to write core dump. Minidumps are not enabled by default on client versions of Windows
#
# If you would like to submit a bug report, please visit:
#   http://bugreport.sun.com/bugreport/crash.jsp
# The crash happened outside the Java Virtual Machine in native code.
# See problematic frame for where to report the bug.
#

---------------  T H R E A D  ---------------

Current thread (0x14a89800):  JavaThread "Thread-6" [_thread_in_native, id=1344, stack(0x1a860000,0x1a8b0000)]

siginfo: ExceptionCode=0xc0000005, ExceptionInformation=0x00000008 0x1a8af1e0

Registers:
EAX=0x00000001, EBX=0x1a8af224, ECX=0x1a8af1e0, EDX=0x474e5543
ESP=0x1a8af1fc, EBP=0x1a8af238, ESI=0x00000005, EDI=0x141fe128
EIP=0x1a8af1e0, EFLAGS=0x00010202

Top of Stack: (sp=0x1a8af1fc)
0x1a8af1fc:   1a253e0c 00000001 00000001 432b2b00
0x1a8af20c:   474e5543 141fe128 1a8af224 1a8af22c
0x1a8af21c:   1a250be0 1a8af1e0 1a8af208 1a8af208
0x1a8af22c:   141fe128 00000005 0000000b 1a8af248
0x1a8af23c:   1a24e905 141fe128 00000008 1a8af808
0x1a8af24c:   1a25c1ad 141fe148 1a28e89c 1a25c6e0
0x1a8af25c:   1a8af720 1a8af320 00000400 00000000
0x1a8af26c:   008219c8 00820174 1a8af208 00820648 

Instructions: (pc=0x1a8af1e0)
0x1a8af1c0:   cd 98 0f 76 00 00 2e 00 00 00 00 00 28 e1 1f 14
0x1a8af1d0:   05 00 00 00 28 e1 1f 14 38 f2 8a 1a cb 0b 25 1a
0x1a8af1e0:   f8 f1 8a 1a 08 00 00 00 48 f2 8a 1a 7e e0 24 1a
0x1a8af1f0:   d0 f1 8a 1a a0 50 29 1a 08 f2 8a 1a 0c 3e 25 1a 


Register to memory mapping:

EAX=0x00000001 is an unknown value
EBX=0x1a8af224 is pointing into the stack for thread: 0x14a89800
ECX=0x1a8af1e0 is pointing into the stack for thread: 0x14a89800
EDX=0x474e5543 is an unknown value
ESP=0x1a8af1fc is pointing into the stack for thread: 0x14a89800
EBP=0x1a8af238 is pointing into the stack for thread: 0x14a89800
ESI=0x00000005 is an unknown value
EDI=0x141fe128 is an unknown value


Stack: [0x1a860000,0x1a8b0000],  sp=0x1a8af1fc,  free space=316k
Native frames: (J=compiled Java code, j=interpreted, Vv=VM code, C=native code)
C  0x1a8af1e0
C  [toscomm.dll+0xe905]
C  [toscomm.dll+0x1c1ad]
C  [toscomm.dll+0x6670]
J 1296  net.tinyos.comm.TOSCommJNI.NativeSerial_waitForEvent(J)Z (0 bytes) @ 0x01b0da2b [0x01b0d9a0+0x8b]
J 1297 C1 net.tinyos.comm.NativeSerial.waitForEvent()Z (22 bytes) @ 0x01b0dcac [0x01b0dc50+0x5c]
j  net.tinyos.comm.TOSSerial$EventDispatcher.run()V+64
v  ~StubRoutines::call_stub
V  [jvm.dll+0x15e065]
V  [jvm.dll+0x222f6e]
V  [jvm.dll+0x15e0fe]
V  [jvm.dll+0x15e286]
V  [jvm.dll+0x15e2f7]
V  [jvm.dll+0x10010f]
V  [jvm.dll+0x180c9c]
V  [jvm.dll+0x180dbe]
V  [jvm.dll+0x1c58b6]
C  [msvcr100.dll+0x5c556]
C  [msvcr100.dll+0x5c600]
C  [kernel32.dll+0x4ee1c]
C  [ntdll.dll+0x637eb]
C  [ntdll.dll+0x637be]
C  0x00000000

Java frames: (J=compiled Java code, j=interpreted, Vv=VM code)
J 1296  net.tinyos.comm.TOSCommJNI.NativeSerial_waitForEvent(J)Z (0 bytes) @ 0x01b0d9e7 [0x01b0d9a0+0x47]
J 1297 C1 net.tinyos.comm.NativeSerial.waitForEvent()Z (22 bytes) @ 0x01b0dcac [0x01b0dc50+0x5c]
j  net.tinyos.comm.TOSSerial$EventDispatcher.run()V+64
v  ~StubRoutines::call_stub

---------------  P R O C E S S  ---------------

Java Threads: ( => current thread )
  0x14a8c000 JavaThread "Thread-4" [_thread_blocked, id=5772, stack(0x1a760000,0x1a7b0000)]
=>0x14a89800 JavaThread "Thread-6" [_thread_in_native, id=1344, stack(0x1a860000,0x1a8b0000)]
  0x148f5800 JavaThread "Thread-5" [_thread_blocked, id=1352, stack(0x1a1f0000,0x1a240000)]
  0x14835400 JavaThread "Prism Font Disposer" daemon [_thread_blocked, id=3428, stack(0x17f70000,0x17fc0000)]
  0x147e0400 JavaThread "JavaFX-Launcher" [_thread_blocked, id=3320, stack(0x16640000,0x16690000)]
  0x147bd400 JavaThread "Thread-2" daemon [_thread_in_native, id=5916, stack(0x16530000,0x16580000)]
  0x147a6000 JavaThread "JavaFX Application Thread" [_thread_in_native, id=4292, stack(0x038b0000,0x03900000)]
  0x147a2400 JavaThread "Thread-1" daemon [_thread_blocked, id=424, stack(0x14090000,0x140e0000)]
  0x14754c00 JavaThread "QuantumRenderer-0" daemon [_thread_blocked, id=2220, stack(0x14b60000,0x14bb0000)]
  0x13f69c00 JavaThread "Service Thread" daemon [_thread_blocked, id=5696, stack(0x14630000,0x14680000)]
  0x13ee1400 JavaThread "C1 CompilerThread0" daemon [_thread_blocked, id=5724, stack(0x14460000,0x144b0000)]
  0x13ed9800 JavaThread "JDWP Command Reader" daemon [_thread_in_native, id=5704, stack(0x14530000,0x14580000)]
  0x13ed8400 JavaThread "JDWP Event Helper Thread" daemon [_thread_blocked, id=5708, stack(0x145a0000,0x145f0000)]
  0x13ed3000 JavaThread "JDWP Transport Listener: dt_socket" daemon [_thread_blocked, id=5748, stack(0x00b80000,0x00bd0000)]
  0x13ebd000 JavaThread "Attach Listener" daemon [_thread_blocked, id=5664, stack(0x14110000,0x14160000)]
  0x13ed1400 JavaThread "Signal Dispatcher" daemon [_thread_blocked, id=5608, stack(0x00be0000,0x00c30000)]
  0x13e83000 JavaThread "Finalizer" daemon [_thread_blocked, id=5612, stack(0x00c30000,0x00c80000)]
  0x13e7e400 JavaThread "Reference Handler" daemon [_thread_blocked, id=5596, stack(0x03970000,0x039c0000)]
  0x0097c000 JavaThread "main" [_thread_blocked, id=3316, stack(0x00af0000,0x00b40000)]

Other Threads:
  0x13e7b800 VMThread [stack: 0x03900000,0x03950000] [id=5176]
  0x13f6b400 WatcherThread [stack: 0x14700000,0x14750000] [id=2660]

VM state:not at safepoint (normal execution)

VM Mutex/Monitor currently owned by a thread: None

Heap:
 def new generation   total 8064K, used 3058K [0x03a00000, 0x042b0000, 0x08f50000)
  eden space 7232K,  42% used [0x03a00000, 0x03cfc2e0, 0x04110000)
  from space 832K,   0% used [0x04110000, 0x04110670, 0x041e0000)
  to   space 832K,   0% used [0x041e0000, 0x041e0000, 0x042b0000)
 tenured generation   total 17628K, used 10640K [0x08f50000, 0x0a087000, 0x13a00000)
   the space 17628K,  60% used [0x08f50000, 0x099b4308, 0x099b4400, 0x0a087000)
 Metaspace       used 9505K, capacity 10054K, committed 10112K, reserved 10624K

Card table byte_map: [0x00a00000,0x00a90000] byte_map_base: 0x009e3000

Polling page: 0x00220000

CodeCache: size=32768Kb used=2426Kb max_used=2426Kb free=30341Kb
 bounds [0x018b0000, 0x01b10000, 0x038b0000]
 total_blobs=1690 nmethods=1289 adapters=339
 compilation: enabled

Compilation events (10 events):
Event: 1778.655 Thread 0x13ee1400 1297   !         net.tinyos.comm.NativeSerial::waitForEvent (22 bytes)
Event: 1778.656 Thread 0x13ee1400 nmethod 1297 0x01b0db48 code [0x01b0dc50, 0x01b0dd4c]
Event: 1778.691 Thread 0x13ee1400 1298  s          java.lang.Throwable::fillInStackTrace (29 bytes)
Event: 1778.692 Thread 0x13ee1400 nmethod 1298 0x01b0e048 code [0x01b0e150, 0x01b0e35c]
Event: 1778.694 Thread 0x13ee1400 1300             java.lang.Throwable::<init> (34 bytes)
Event: 1778.694 Thread 0x13ee1400 nmethod 1300 0x01b0e408 code [0x01b0e520, 0x01b0e7bc]
Event: 1778.694 Thread 0x13ee1400 1301             java.lang.Exception::<init> (6 bytes)
Event: 1778.695 Thread 0x13ee1400 nmethod 1301 0x01b0e8c8 code [0x01b0e9e0, 0x01b0ec7c]
Event: 1779.618 Thread 0x13ee1400 1302 % !         net.tinyos.comm.TOSSerial$EventDispatcher::run @ 0 (83 bytes)
Event: 1779.618 Thread 0x13ee1400 


GC Heap History (10 events):
Event: 1876.874 GC heap before
{Heap before GC invocations=146 (full 1):
 def new generation   total 8064K, used 7232K [0x03a00000, 0x042b0000, 0x08f50000)
  eden space 7232K, 100% used [0x03a00000, 0x04110000, 0x04110000)
  from space 832K,   0% used [0x041e0000, 0x041e0158, 0x042b0000)
  to   space 832K,   0% used [0x04110000, 0x04110000, 0x041e0000)
 tenured generation   total 17628K, used 10640K [0x08f50000, 0x0a087000, 0x13a00000)
   the space 17628K,  60% used [0x08f50000, 0x099b4308, 0x099b4400, 0x0a087000)
 Metaspace       used 9505K, capacity 10054K, committed 10112K, reserved 10624K
Event: 1876.875 GC heap after
Heap after GC invocations=147 (full 1):
 def new generation   total 8064K, used 0K [0x03a00000, 0x042b0000, 0x08f50000)
  eden space 7232K,   0% used [0x03a00000, 0x03a00000, 0x04110000)
  from space 832K,   0% used [0x04110000, 0x04110020, 0x041e0000)
  to   space 832K,   0% used [0x041e0000, 0x041e0000, 0x042b0000)
 tenured generation   total 17628K, used 10640K [0x08f50000, 0x0a087000, 0x13a00000)
   the space 17628K,  60% used [0x08f50000, 0x099b4308, 0x099b4400, 0x0a087000)
 Metaspace       used 9505K, capacity 10054K, committed 10112K, reserved 10624K
}
Event: 1877.587 GC heap before
{Heap before GC invocations=147 (full 1):
 def new generation   total 8064K, used 7232K [0x03a00000, 0x042b0000, 0x08f50000)
  eden space 7232K, 100% used [0x03a00000, 0x04110000, 0x04110000)
  from space 832K,   0% used [0x04110000, 0x04110020, 0x041e0000)
  to   space 832K,   0% used [0x041e0000, 0x041e0000, 0x042b0000)
 tenured generation   total 17628K, used 10640K [0x08f50000, 0x0a087000, 0x13a00000)
   the space 17628K,  60% used [0x08f50000, 0x099b4308, 0x099b4400, 0x0a087000)
 Metaspace       used 9505K, capacity 10054K, committed 10112K, reserved 10624K
Event: 1877.588 GC heap after
Heap after GC invocations=148 (full 1):
 def new generation   total 8064K, used 0K [0x03a00000, 0x042b0000, 0x08f50000)
  eden space 7232K,   0% used [0x03a00000, 0x03a00000, 0x04110000)
  from space 832K,   0% used [0x041e0000, 0x041e01f8, 0x042b0000)
  to   space 832K,   0% used [0x04110000, 0x04110000, 0x041e0000)
 tenured generation   total 17628K, used 10640K [0x08f50000, 0x0a087000, 0x13a00000)
   the space 17628K,  60% used [0x08f50000, 0x099b4308, 0x099b4400, 0x0a087000)
 Metaspace       used 9505K, capacity 10054K, committed 10112K, reserved 10624K
}
Event: 1878.317 GC heap before
{Heap before GC invocations=148 (full 1):
 def new generation   total 8064K, used 7232K [0x03a00000, 0x042b0000, 0x08f50000)
  eden space 7232K, 100% used [0x03a00000, 0x04110000, 0x04110000)
  from space 832K,   0% used [0x041e0000, 0x041e01f8, 0x042b0000)
  to   space 832K,   0% used [0x04110000, 0x04110000, 0x041e0000)
 tenured generation   total 17628K, used 10640K [0x08f50000, 0x0a087000, 0x13a00000)
   the space 17628K,  60% used [0x08f50000, 0x099b4308, 0x099b4400, 0x0a087000)
 Metaspace       used 9505K, capacity 10054K, committed 10112K, reserved 10624K
Event: 1878.317 GC heap after
Heap after GC invocations=149 (full 1):
 def new generation   total 8064K, used 0K [0x03a00000, 0x042b0000, 0x08f50000)
  eden space 7232K,   0% used [0x03a00000, 0x03a00000, 0x04110000)
  from space 832K,   0% used [0x04110000, 0x04110020, 0x041e0000)
  to   space 832K,   0% used [0x041e0000, 0x041e0000, 0x042b0000)
 tenured generation   total 17628K, used 10640K [0x08f50000, 0x0a087000, 0x13a00000)
   the space 17628K,  60% used [0x08f50000, 0x099b4308, 0x099b4400, 0x0a087000)
 Metaspace       used 9505K, capacity 10054K, committed 10112K, reserved 10624K
}
Event: 1879.050 GC heap before
{Heap before GC invocations=149 (full 1):
 def new generation   total 8064K, used 7232K [0x03a00000, 0x042b0000, 0x08f50000)
  eden space 7232K, 100% used [0x03a00000, 0x04110000, 0x04110000)
  from space 832K,   0% used [0x04110000, 0x04110020, 0x041e0000)
  to   space 832K,   0% used [0x041e0000, 0x041e0000, 0x042b0000)
 tenured generation   total 17628K, used 10640K [0x08f50000, 0x0a087000, 0x13a00000)
   the space 17628K,  60% used [0x08f50000, 0x099b4308, 0x099b4400, 0x0a087000)
 Metaspace       used 9505K, capacity 10054K, committed 10112K, reserved 10624K
Event: 1879.050 GC heap after
Heap after GC invocations=150 (full 1):
 def new generation   total 8064K, used 0K [0x03a00000, 0x042b0000, 0x08f50000)
  eden space 7232K,   0% used [0x03a00000, 0x03a00000, 0x04110000)
  from space 832K,   0% used [0x041e0000, 0x041e0168, 0x042b0000)
  to   space 832K,   0% used [0x04110000, 0x04110000, 0x041e0000)
 tenured generation   total 17628K, used 10640K [0x08f50000, 0x0a087000, 0x13a00000)
   the space 17628K,  60% used [0x08f50000, 0x099b4308, 0x099b4400, 0x0a087000)
 Metaspace       used 9505K, capacity 10054K, committed 10112K, reserved 10624K
}
Event: 1879.774 GC heap before
{Heap before GC invocations=150 (full 1):
 def new generation   total 8064K, used 7232K [0x03a00000, 0x042b0000, 0x08f50000)
  eden space 7232K, 100% used [0x03a00000, 0x04110000, 0x04110000)
  from space 832K,   0% used [0x041e0000, 0x041e0168, 0x042b0000)
  to   space 832K,   0% used [0x04110000, 0x04110000, 0x041e0000)
 tenured generation   total 17628K, used 10640K [0x08f50000, 0x0a087000, 0x13a00000)
   the space 17628K,  60% used [0x08f50000, 0x099b4308, 0x099b4400, 0x0a087000)
 Metaspace       used 9505K, capacity 10054K, committed 10112K, reserved 10624K
Event: 1879.775 GC heap after
Heap after GC invocations=151 (full 1):
 def new generation   total 8064K, used 1K [0x03a00000, 0x042b0000, 0x08f50000)
  eden space 7232K,   0% used [0x03a00000, 0x03a00000, 0x04110000)
  from space 832K,   0% used [0x04110000, 0x04110670, 0x041e0000)
  to   space 832K,   0% used [0x041e0000, 0x041e0000, 0x042b0000)
 tenured generation   total 17628K, used 10640K [0x08f50000, 0x0a087000, 0x13a00000)
   the space 17628K,  60% used [0x08f50000, 0x099b4308, 0x099b4400, 0x0a087000)
 Metaspace       used 9505K, capacity 10054K, committed 10112K, reserved 10624K
}

Deoptimization events (0 events):
No events

Internal exceptions (10 events):
Event: 1880.074 Thread 0x14a89800 Exception <a 'java/lang/Exception': TOSComm JNI library runtime error: Error 5.
   æ‹æ¯∑√Œ °£
   in wait_for_event.SetCommMask> (0x03cf5728) thrown at [D:\re\workspace\8-2-build-windows-i586-cygwin\jdk8u40\1678.nc\hotspot\src\share\vm\prims\jni.cpp, line ª·Ó≥K`ù@
Event: 1880.074 Thread 0x14a89800 Exception <a 'java/lang/Exception': TOSComm JNI library runtime error: Error 5.
   æ‹æ¯∑√Œ °£
   in wait_for_event.SetCommMask> (0x03cf59a0) thrown at [D:\re\workspace\8-2-build-windows-i586-cygwin\jdk8u40\1678.nc\hotspot\src\share\vm\prims\jni.cpp, line [dµ√K`ù@
Event: 1880.074 Thread 0x14a89800 Exception <a 'java/lang/Exception': TOSComm JNI library runtime error: Error 5.
   æ‹æ¯∑√Œ °£
   in wait_for_event.SetCommMask> (0x03cf5c18) thrown at [D:\re\workspace\8-2-build-windows-i586-cygwin\jdk8u40\1678.nc\hotspot\src\share\vm\prims\jni.cpp, line íò\”K`ù@
Event: 1880.074 Thread 0x14a89800 Exception <a 'java/lang/Exception': TOSComm JNI library runtime error: Error 5.
   æ‹æ¯∑√Œ °£
   in wait_for_event.SetCommMask> (0x03cf5e90) thrown at [D:\re\workspace\8-2-build-windows-i586-cygwin\jdk8u40\1678.nc\hotspot\src\share\vm\prims\jni.cpp, line 2#„K`ù@
Event: 1880.074 Thread 0x14a89800 Exception <a 'java/lang/Exception': TOSComm JNI library runtime error: Error 5.
   æ‹æ¯∑√Œ °£
   in wait_for_event.SetCommMask> (0x03cf6108) thrown at [D:\re\workspace\8-2-build-windows-i586-cygwin\jdk8u40\1678.nc\hotspot\src\share\vm\prims\jni.cpp, line “ùÈÚK`ù@
Event: 1880.074 Thread 0x14a89800 Exception <a 'java/lang/Exception': TOSComm JNI library runtime error: Error 5.
   æ‹æ¯∑√Œ °£
   in wait_for_event.SetCommMask> (0x03cf6380) thrown at [D:\re\workspace\8-2-build-windows-i586-cygwin\jdk8u40\1678.nc\hotspot\src\share\vm\prims\jni.cpp, line ∏∏˝ ıÏ
Event: 1880.074 Thread 0x14a89800 Exception <a 'java/lang/Exception': TOSComm JNI library runtime error: Error 5.
   æ‹æ¯∑√Œ °£
   in wait_for_event.SetCommMask> (0x03cf65f8) thrown at [D:\re\workspace\8-2-build-windows-i586-cygwin\jdk8u40\1678.nc\hotspot\src\share\vm\prims\jni.cpp, line ≠‡ÔL`ù@
Event: 1880.074 Thread 0x14a89800 Exception <a 'java/lang/Exception': TOSComm JNI library runtime error: Error 5.
   æ‹æ¯∑√Œ °£
   in wait_for_event.SetCommMask> (0x03cf6870) thrown at [D:\re\workspace\8-2-build-windows-i586-cygwin\jdk8u40\1678.nc\hotspot\src\share\vm\prims\jni.cpp, line ê÷∞/L`ù@
Event: 1880.074 Thread 0x14a89800 Exception <a 'java/lang/Exception': TOSComm JNI library runtime error: Error 5.
   æ‹æ¯∑√Œ °£
   in wait_for_event.SetCommMask> (0x03cf6ae8) thrown at [D:\re\workspace\8-2-build-windows-i586-cygwin\jdk8u40\1678.nc\hotspot\src\share\vm\prims\jni.cpp, line iD’?L`ù@
Event: 1880.074 Thread 0x14a89800 Exception <a 'java/lang/Exception': TOSComm JNI library runtime error: Error 5.
   æ‹æ¯∑√Œ °£
   in wait_for_event.SetCommMask> (0x03cf6d60) thrown at [D:\re\workspace\8-2-build-windows-i586-cygwin\jdk8u40\1678.nc\hotspot\src\share\vm\prims\jni.cpp, line _(§K`ù@

Events (10 events):
Event: 1880.074 Thread 0x14a89800 DEOPT PACKING pc=0x01b0dcac sp=0x1a8af940
Event: 1880.074 Thread 0x14a89800 DEOPT UNPACKING pc=0x018ec5db sp=0x1a8af7dc mode 1
Event: 1880.074 Thread 0x14a89800 DEOPT PACKING pc=0x01b0dcac sp=0x1a8af940
Event: 1880.074 Thread 0x14a89800 DEOPT UNPACKING pc=0x018ec5db sp=0x1a8af7dc mode 1
Event: 1880.074 Thread 0x14a89800 DEOPT PACKING pc=0x01b0dcac sp=0x1a8af940
Event: 1880.074 Thread 0x14a89800 DEOPT UNPACKING pc=0x018ec5db sp=0x1a8af7dc mode 1
Event: 1880.074 Thread 0x14a89800 DEOPT PACKING pc=0x01b0dcac sp=0x1a8af940
Event: 1880.074 Thread 0x14a89800 DEOPT UNPACKING pc=0x018ec5db sp=0x1a8af7dc mode 1
Event: 1880.074 Thread 0x14a89800 DEOPT PACKING pc=0x01b0dcac sp=0x1a8af940
Event: 1880.074 Thread 0x14a89800 DEOPT UNPACKING pc=0x018ec5db sp=0x1a8af7dc mode 1


Dynamic libraries:
0x00c80000 - 0x00cb0000 	C:\Program Files\Java\jdk1.8.0_40\bin\javaw.exe
0x770b0000 - 0x771ec000 	C:\windows\SYSTEM32\ntdll.dll
0x75ca0000 - 0x75d74000 	C:\windows\system32\kernel32.dll
0x74fb0000 - 0x74ffb000 	C:\windows\system32\KERNELBASE.dll
0x75250000 - 0x752f0000 	C:\windows\system32\ADVAPI32.dll
0x760f0000 - 0x7619c000 	C:\windows\system32\msvcrt.dll
0x75950000 - 0x75969000 	C:\windows\SYSTEM32\sechost.dll
0x752f0000 - 0x75392000 	C:\windows\system32\RPCRT4.dll
0x75740000 - 0x75809000 	C:\windows\system32\USER32.dll
0x756f0000 - 0x7573e000 	C:\windows\system32\GDI32.dll
0x75980000 - 0x7598a000 	C:\windows\system32\LPK.dll
0x753a0000 - 0x7543d000 	C:\windows\system32\USP10.dll
0x738c0000 - 0x73a5e000 	C:\windows\WinSxS\x86_microsoft.windows.common-controls_6595b64144ccf1df_6.0.7601.17514_none_41e6975e2bd6f2b2\COMCTL32.dll
0x75a60000 - 0x75ab7000 	C:\windows\system32\SHLWAPI.dll
0x751f0000 - 0x7520f000 	C:\windows\system32\IMM32.DLL
0x75990000 - 0x75a5c000 	C:\windows\system32\MSCTF.dll
0x63900000 - 0x639bf000 	C:\Program Files\Java\jdk1.8.0_40\jre\bin\msvcr100.dll
0x62d00000 - 0x630c3000 	C:\Program Files\Java\jdk1.8.0_40\jre\bin\client\jvm.dll
0x6b470000 - 0x6b477000 	C:\windows\system32\WSOCK32.dll
0x75210000 - 0x75245000 	C:\windows\system32\WS2_32.dll
0x75970000 - 0x75976000 	C:\windows\system32\NSI.dll
0x74df0000 - 0x74e22000 	C:\windows\system32\WINMM.dll
0x75b60000 - 0x75b65000 	C:\windows\system32\PSAPI.DLL
0x6fce0000 - 0x6fcec000 	C:\Program Files\Java\jdk1.8.0_40\jre\bin\verify.dll
0x64510000 - 0x64531000 	C:\Program Files\Java\jdk1.8.0_40\jre\bin\java.dll
0x64540000 - 0x64569000 	C:\Program Files\Java\jdk1.8.0_40\jre\bin\jdwp.dll
0x6b080000 - 0x6b087000 	C:\Program Files\Java\jdk1.8.0_40\jre\bin\npt.dll
0x666d0000 - 0x666e3000 	C:\Program Files\Java\jdk1.8.0_40\jre\bin\zip.dll
0x76460000 - 0x770aa000 	C:\windows\system32\SHELL32.dll
0x762b0000 - 0x7640c000 	C:\windows\system32\ole32.dll
0x74da0000 - 0x74dab000 	C:\windows\system32\profapi.dll
0x65aa0000 - 0x65aa8000 	C:\Program Files\Java\jdk1.8.0_40\jre\bin\dt_socket.dll
0x730c0000 - 0x730d0000 	C:\windows\system32\NLAapi.dll
0x6e1e0000 - 0x6e1f0000 	C:\windows\system32\napinsp.dll
0x6d000000 - 0x6d012000 	C:\windows\system32\pnrpnsp.dll
0x747a0000 - 0x747dc000 	C:\windows\System32\mswsock.dll
0x74660000 - 0x746a4000 	C:\windows\system32\DNSAPI.dll
0x6ca10000 - 0x6ca18000 	C:\windows\System32\winrnr.dll
0x74010000 - 0x7402c000 	C:\windows\system32\IPHLPAPI.DLL
0x74000000 - 0x74007000 	C:\windows\system32\WINNSI.DLL
0x724f0000 - 0x72528000 	C:\windows\System32\fwpuclnt.dll
0x6ca00000 - 0x6ca06000 	C:\windows\system32\rasadhlp.dll
0x73f60000 - 0x73f65000 	C:\windows\System32\wshtcpip.dll
0x644e0000 - 0x64505000 	C:\Program Files\Java\jdk1.8.0_40\jre\bin\prism_d3d.dll
0x62b30000 - 0x62cf3000 	C:\windows\system32\d3d9.dll
0x742f0000 - 0x742f9000 	C:\windows\system32\VERSION.dll
0x65670000 - 0x65676000 	C:\windows\system32\d3d8thk.dll
0x75110000 - 0x75123000 	C:\windows\system32\dwmapi.dll
0x736e0000 - 0x73720000 	C:\windows\system32\uxtheme.dll
0x62180000 - 0x62b26000 	C:\windows\system32\nvd3dum.dll
0x638c0000 - 0x638f7000 	C:\Program Files\Java\jdk1.8.0_40\jre\bin\glass.dll
0x75170000 - 0x751eb000 	C:\windows\system32\COMDLG32.dll
0x75ac0000 - 0x75b4f000 	C:\windows\system32\OLEAUT32.dll
0x74cc0000 - 0x74ccc000 	C:\windows\system32\CRYPTBASE.dll
0x75010000 - 0x75035000 	C:\windows\system32\powrprof.dll
0x75d80000 - 0x75f1d000 	C:\windows\system32\SETUPAPI.dll
0x75050000 - 0x75077000 	C:\windows\system32\CFGMGR32.dll
0x75140000 - 0x75152000 	C:\windows\system32\DEVOBJ.dll
0x643a0000 - 0x6442a000 	C:\Users\zhangying\AppData\Roaming\TaobaoProtect\TaobaoProtectSE.dll
0x65610000 - 0x65621000 	C:\Program Files\Java\jdk1.8.0_40\jre\bin\javafx_font.dll
0x62040000 - 0x62175000 	C:\windows\system32\dwrite.dll
0x75660000 - 0x756e3000 	C:\windows\system32\CLBCatQ.DLL
0x73220000 - 0x73350000 	C:\windows\system32\WindowsCodecs.dll
0x74c70000 - 0x74cbc000 	C:\windows\system32\apphelp.dll
0x669f0000 - 0x66a13000 	C:\Users\zhangying\AppData\Roaming\Dropbox\bin\DropboxExt.24.dll
0x6ceb0000 - 0x6cf9b000 	C:\windows\system32\dbghelp.dll
0x69c90000 - 0x69d1e000 	C:\windows\WinSxS\x86_microsoft.vc90.crt_1fc8b3b9a1e18e3b_9.0.30729.6161_none_50934f2ebcb7eb57\MSVCP90.dll
0x6c4c0000 - 0x6c563000 	C:\windows\WinSxS\x86_microsoft.vc90.crt_1fc8b3b9a1e18e3b_9.0.30729.6161_none_50934f2ebcb7eb57\MSVCR90.dll
0x669b0000 - 0x669e4000 	C:\Program Files\360\360Safe\safemon\360UDiskGuard.dll
0x66970000 - 0x669a1000 	C:\windows\system32\EhStorShell.dll
0x73780000 - 0x73875000 	C:\windows\system32\PROPSYS.dll
0x66900000 - 0x66970000 	C:\windows\system32\ntshrui.dll
0x74aa0000 - 0x74ab9000 	C:\windows\system32\srvcli.dll
0x67a10000 - 0x67a1b000 	C:\windows\system32\cscapi.dll
0x72fd0000 - 0x72fda000 	C:\windows\system32\slc.dll
0x63890000 - 0x638b1000 	C:\Program Files\Common Files\Microsoft Shared\Ink\rtscom.dll
0x65190000 - 0x65198000 	C:\Program Files\Java\jdk1.8.0_40\jre\bin\jfr.dll
0x650e0000 - 0x650ee000 	C:\Program Files\Java\jdk1.8.0_40\jre\bin\prism_common.dll
0x1a240000 - 0x1a29c000 	C:\Windows\System32\toscomm.dll
0x619a0000 - 0x61ced000 	C:\windows\system32\GOOGLEPINYIN2.IME
0x74e30000 - 0x74f51000 	C:\windows\system32\CRYPT32.dll
0x74db0000 - 0x74dbc000 	C:\windows\system32\MSASN1.dll
0x74f80000 - 0x74faf000 	C:\windows\system32\WINTRUST.dll
0x72b70000 - 0x72b75000 	C:\windows\system32\MSIMG32.dll
0x73530000 - 0x736c0000 	C:\windows\WinSxS\x86_microsoft.windows.gdiplus_6595b64144ccf1df_1.1.7601.18455_none_72d576ad8665e853\gdiplus.dll
0x74dc0000 - 0x74dd7000 	C:\windows\system32\USERENV.dll
0x75f20000 - 0x760e2000 	C:\windows\system32\WININET.dll
0x75160000 - 0x75164000 	C:\windows\system32\api-ms-win-downlevel-user32-l1-1-0.dll
0x74de0000 - 0x74de4000 	C:\windows\system32\api-ms-win-downlevel-shlwapi-l1-1-0.dll
0x75040000 - 0x75044000 	C:\windows\system32\api-ms-win-downlevel-version-l1-1-0.dll
0x74f60000 - 0x74f63000 	C:\windows\system32\api-ms-win-downlevel-normaliz-l1-1-0.dll
0x75b50000 - 0x75b53000 	C:\windows\system32\normaliz.DLL
0x75440000 - 0x7565b000 	C:\windows\system32\iertutil.dll
0x75000000 - 0x75005000 	C:\windows\system32\api-ms-win-downlevel-advapi32-l1-1-0.dll
0x731f0000 - 0x73211000 	C:\windows\system32\ntmarta.dll
0x76410000 - 0x76455000 	C:\windows\system32\WLDAP32.dll
0x74c50000 - 0x74c6b000 	C:\windows\system32\SspiCli.dll
0x63d80000 - 0x63eb3000 	C:\windows\System32\msxml3.dll

VM Arguments:
jvm_args: -agentlib:jdwp=transport=dt_socket,suspend=y,address=localhost:49234 -Dfile.encoding=GBK 
java_command: com.greenorbs.wsnmatch.WSNMatch
java_class_path (initial): E:\WorkSpace\WSNM\bin;E:\WorkSpace\comm.jar;E:\WorkSpace\javafx-animation.jar
Launcher Type: SUN_STANDARD

Environment Variables:
JAVA_HOME=C:\Program Files\Java\jdk1.8.0_40
CLASSPATH=.;C:\Program Files\Java\jdk1.8.0_40\lib\dt.jar;C:\Program Files\Java\jdk1.8.0_40\lib\tools.jar 
PATH=C:\Program Files\Java\jdk1.8.0_40\jre\bin;C:/Program Files/Java/jre1.8.0_40/bin/client;C:/Program Files/Java/jre1.8.0_40/bin;C:/Program Files/Java/jre1.8.0_40/lib/i386;C:\ProgramData\Oracle\Java\javapath;C:\Program Files\NVIDIA Corporation\PhysX\Common;C:\windows\system32;C:\windows;C:\windows\System32\Wbem;C:\windows\System32\WindowsPowerShell\v1.0\;C:\Program Files\Toshiba\Bluetooth Toshiba Stack\sys\;E:\mathlab\runtime\win32;E:\mathlab\bin;%JAVA_HOME%\bin;%JAVA_HOME%\jre\bin;E:\eclipse;
USERNAME=zhangying
OS=Windows_NT
PROCESSOR_IDENTIFIER=x86 Family 6 Model 42 Stepping 7, GenuineIntel



---------------  S Y S T E M  ---------------

OS: Windows 7 Build 7601 Service Pack 1

CPU:total 4 (2 cores per cpu, 2 threads per core) family 6 model 42 stepping 7, cmov, cx8, fxsr, mmx, sse, sse2, sse3, ssse3, sse4.1, sse4.2, popcnt, avx, clmul, ht, tsc, tscinvbit

Memory: 4k page, physical 2873200k(1696200k free), swap 5744648k(4199500k free)

vm_info: Java HotSpot(TM) Client VM (25.40-b13) for windows-x86 JRE (1.8.0_40-ea-b09), built on Oct  7 2014 19:23:33 by "java_re" with MS VC++ 10.0 (VS2010)

time: Tue Oct 21 23:11:32 2014
elapsed time: 1880 seconds (0d 0h 31m 20s)

